2020-02-07 13:42:00 INFO:log:Empezamos la app...
2020-02-07 13:42:00 INFO:log:Leyendo el config...
2020-02-07 13:42:00 INFO:log:Config leído.
2020-02-07 13:42:00 INFO:log:Leyendo los datos
2020-02-07 13:42:00 INFO:log:Datos leídos.
2020-02-07 13:42:00 INFO:log:Procesando los datos...
2020-02-07 13:42:29 INFO:log:Fin de la ejecucion.
2020-02-07 13:47:00 INFO:log:Empezamos la app...
2020-02-07 13:47:00 INFO:log:Leyendo el config...
2020-02-07 13:47:00 INFO:log:Config leído.
2020-02-07 13:47:00 INFO:log:Leyendo los datos
2020-02-07 13:47:00 INFO:log:Datos leídos.
2020-02-07 13:47:00 INFO:log:Procesando los datos...
2020-02-07 13:47:33 INFO:log:Fin de la ejecucion.
2020-02-07 13:56:52 INFO:log:Empezamos la app...
2020-02-07 13:56:52 INFO:log:Leyendo el config...
2020-02-07 13:56:52 INFO:log:Config leído.
2020-02-07 13:56:52 INFO:log:Leyendo los datos
2020-02-07 13:56:52 INFO:log:Datos leídos.
2020-02-07 13:56:52 INFO:log:Procesando los datos...
2020-02-07 13:57:57 ERROR:log:La aplicación ha petado.
2020-02-07 13:57:57 INFO:log:Fin de la ejecucion.
2020-02-07 13:58:17 INFO:log:Empezamos la app...
2020-02-07 13:58:17 INFO:log:Leyendo el config...
2020-02-07 13:58:17 INFO:log:Config leído.
2020-02-07 13:58:17 INFO:log:Leyendo los datos
2020-02-07 13:58:17 INFO:log:Datos leídos.
2020-02-07 13:58:17 INFO:log:Procesando los datos...
2020-02-07 13:58:46 ERROR:log:La aplicación ha petado.
2020-02-07 13:58:46 INFO:log:Fin de la ejecucion.
2020-02-07 13:59:41 INFO:log:Empezamos la app...
2020-02-07 13:59:41 INFO:log:Leyendo el config...
2020-02-07 13:59:41 INFO:log:Config leído.
2020-02-07 13:59:41 INFO:log:Leyendo los datos
2020-02-07 13:59:41 INFO:log:Datos leídos.
2020-02-07 13:59:41 INFO:log:Procesando los datos...
2020-02-07 14:00:06 ERROR:log:La aplicación ha petado.
2020-02-07 14:00:06 INFO:log:Fin de la ejecucion.
2020-02-07 14:01:05 INFO:log:Empezamos la app...
2020-02-07 14:01:05 INFO:log:Leyendo el config...
2020-02-07 14:01:06 INFO:log:Config leído.
2020-02-07 14:01:06 INFO:log:Leyendo los datos
2020-02-07 14:01:06 INFO:log:Datos leídos.
2020-02-07 14:01:06 INFO:log:Procesando los datos...
2020-02-07 14:02:17 INFO:log:Datos procesados.
2020-02-07 14:02:17 INFO:log:Ejecucion finalizada! Felicidades! =)
2020-02-07 14:02:17 INFO:log:Fin de la ejecucion.
2020-02-07 14:02:48 INFO:log:Empezamos la app...
2020-02-07 14:02:48 INFO:log:Leyendo el config...
2020-02-07 14:02:48 INFO:log:Config leído.
2020-02-07 14:02:48 INFO:log:Leyendo los datos
2020-02-07 14:02:48 INFO:log:Datos leídos.
2020-02-07 14:02:48 INFO:log:Procesando los datos...
2020-02-07 14:02:54 INFO:log:Datos procesados.
2020-02-07 14:02:54 INFO:log:Ejecucion finalizada! Felicidades! =)
2020-02-07 14:02:54 INFO:log:Fin de la ejecucion.
2020-02-07 14:03:11 INFO:log:Empezamos la app...
2020-02-07 14:03:11 INFO:log:Leyendo el config...
2020-02-07 14:03:11 INFO:log:Config leído.
2020-02-07 14:03:11 INFO:log:Leyendo los datos
2020-02-07 14:03:11 INFO:log:Datos leídos.
2020-02-07 14:03:11 INFO:log:Procesando los datos...
2020-02-07 14:03:24 INFO:log:Datos procesados.
2020-02-07 14:03:24 INFO:log:Ejecucion finalizada! Felicidades! =)
2020-02-07 14:03:24 INFO:log:Fin de la ejecucion.
2020-02-07 14:03:34 INFO:log:Empezamos la app...
2020-02-07 14:03:34 INFO:log:Leyendo el config...
2020-02-07 14:03:34 INFO:log:Config leído.
2020-02-07 14:03:34 INFO:log:Leyendo los datos
2020-02-07 14:03:34 INFO:log:Datos leídos.
2020-02-07 14:03:34 INFO:log:Procesando los datos...
2020-02-07 15:00:11 INFO:log:Fin de la ejecucion.
